2022-09-13 14:35:22,754:DEBUG:test:test logger initialized
2022-09-13 14:35:22,755:DEBUG:test:Test
2022-09-13 14:46:16,249:DEBUG:TestApplication:TestApplication logger initialized
2022-09-13 14:46:47,688:DEBUG:TestApplication:TestApplication logger initialized
2022-09-13 14:46:51,759:DEBUG:TestApplication:Loading URL
2022-09-13 14:46:52,910:DEBUG:TestApplication:Clicked on element located by id, btnVerify
2022-09-15 09:49:42,230:DEBUG:TestApplication:TestApplication logger initialized
2022-09-15 09:51:09,931:DEBUG:TestApplication:TestApplication logger initialized
2022-09-15 09:51:12,675:DEBUG:TestApplication:Page before loading: data:,
2022-09-15 09:51:14,915:DEBUG:TestApplication:Load URL: https://plleads.muthootfinance.com/indexApplication.html
2022-09-15 09:51:14,919:DEBUG:TestApplication:Page after loading: https://plleads.muthootfinance.com/indexApplication.html
2022-09-15 09:51:14,928:DEBUG:TestApplication:Page before loading: https://plleads.muthootfinance.com/indexApplication.html
2022-09-15 09:51:15,199:DEBUG:TestApplication:Load URL: https://plleads.muthootfinance.com/indexApplication.html
2022-09-15 09:51:15,204:DEBUG:TestApplication:Page after loading: https://plleads.muthootfinance.com/indexApplication.html
2022-09-15 09:51:15,204:DEBUG:TestApplication:Select element by:id, loc:ddlArea, by value "11112"
2022-09-15 09:51:15,205:DEBUG:TestApplication:Finding elemnt by: id locator: ddlArea
2022-09-15 09:51:15,214:DEBUG:TestApplication:Element found in html
2022-09-15 09:51:15,270:DEBUG:TestApplication:Select element by:id, loc:ddlSourceOfIncome, by value "1"
2022-09-15 09:51:15,270:DEBUG:TestApplication:Finding elemnt by: id locator: ddlSourceOfIncome
2022-09-15 09:51:15,280:DEBUG:TestApplication:Element found in html
2022-09-15 09:51:15,330:DEBUG:TestApplication:Type 1234567890 into id, txtMobileNo
2022-09-15 09:51:15,345:DEBUG:TestApplication:Finding elemnt by: id locator: txtMobileNo
2022-09-15 09:51:15,349:DEBUG:TestApplication:Element found in html
2022-09-15 09:51:15,535:DEBUG:TestApplication:Type 06/09/2004 into id, txtDOB
2022-09-15 09:51:15,552:DEBUG:TestApplication:Finding elemnt by: id locator: txtDOB
2022-09-15 09:51:15,558:DEBUG:TestApplication:Element found in html
2022-09-15 09:51:15,673:DEBUG:TestApplication:Type AAAPA1234A into id, txtPanNo
2022-09-15 09:51:15,689:DEBUG:TestApplication:Finding elemnt by: id locator: txtPanNo
2022-09-15 09:51:15,693:DEBUG:TestApplication:Element found in html
2022-09-15 09:51:15,794:DEBUG:TestApplication:Click on element by id locator btnVerify
2022-09-15 09:51:15,794:DEBUG:TestApplication:Finding elemnt by: id locator: btnVerify
2022-09-15 09:51:15,803:DEBUG:TestApplication:Element found in html
2022-09-15 09:52:53,694:DEBUG:TestApplication:TestApplication logger initialized
2022-09-15 09:52:55,961:DEBUG:TestApplication:Page before loading: data:,
2022-09-15 09:52:57,886:DEBUG:TestApplication:Load URL: https://plleads.muthootfinance.com/indexApplication.html
2022-09-15 09:52:57,890:DEBUG:TestApplication:Page after loading: https://plleads.muthootfinance.com/indexApplication.html
2022-09-15 09:52:57,899:DEBUG:TestApplication:Page before loading: https://plleads.muthootfinance.com/indexApplication.html
2022-09-15 09:52:58,150:DEBUG:TestApplication:Load URL: https://plleads.muthootfinance.com/indexApplication.html
2022-09-15 09:52:58,154:DEBUG:TestApplication:Page after loading: https://plleads.muthootfinance.com/indexApplication.html
2022-09-15 09:52:58,155:DEBUG:TestApplication:Select element by:id, loc:ddlarea, by value "11112"
2022-09-15 09:52:58,155:DEBUG:TestApplication:Finding elemnt by: id locator: ddlarea
2022-09-15 09:53:28,670:DEBUG:TestApplication:Element not found
2022-09-15 09:56:12,467:DEBUG:TestApplication:TestApplication logger initialized
2022-09-15 09:56:14,770:DEBUG:TestApplication:Page before loading: data:,
2022-09-15 09:56:17,206:DEBUG:TestApplication:Load URL: https://plleads.muthootfinance.com/indexApplication.html
2022-09-15 09:56:17,209:DEBUG:TestApplication:Page after loading: https://plleads.muthootfinance.com/indexApplication.html
2022-09-15 09:56:17,218:DEBUG:TestApplication:Page before loading: https://plleads.muthootfinance.com/indexApplication.html
2022-09-15 09:56:17,469:DEBUG:TestApplication:Load URL: https://plleads.muthootfinance.com/indexApplication.html
2022-09-15 09:56:17,472:DEBUG:TestApplication:Page after loading: https://plleads.muthootfinance.com/indexApplication.html
2022-09-15 09:56:17,473:DEBUG:TestApplication:Select element by:id, loc:ddlarea, by value "11112"
2022-09-15 09:56:17,473:DEBUG:TestApplication:Finding elemnt by: id locator: ddlarea
2022-09-15 09:56:48,002:DEBUG:TestApplication:Element not found
2022-09-15 10:47:29,279:DEBUG:TestApplication:TestApplication logger initialized
2022-09-15 10:47:31,998:DEBUG:TestApplication:Page before loading: data:,
2022-09-15 10:47:37,607:DEBUG:TestApplication:Load URL: https://plleads.muthootfinance.com/indexApplication.html
2022-09-15 10:47:37,611:DEBUG:TestApplication:Page after loading: https://plleads.muthootfinance.com/indexApplication.html
2022-09-15 10:53:41,608:DEBUG:TestApplication:TestApplication logger initialized
2022-09-15 10:53:45,481:DEBUG:TestApplication:Page before loading: data:,
2022-09-15 10:53:47,818:DEBUG:TestApplication:Load URL: https://plleads.muthootfinance.com/indexApplication.html
2022-09-15 10:53:47,828:DEBUG:TestApplication:Page after loading: https://plleads.muthootfinance.com/indexApplication.html
2022-09-15 10:53:47,844:DEBUG:TestApplication:Page before loading: https://plleads.muthootfinance.com/indexApplication.html
2022-09-15 10:53:48,551:DEBUG:TestApplication:Load URL: https://plleads.muthootfinance.com/indexApplication.html
2022-09-15 10:53:48,557:DEBUG:TestApplication:Page after loading: https://plleads.muthootfinance.com/indexApplication.html
2022-09-15 10:53:48,557:DEBUG:TestApplication:Select element by:id, loc:ddlarea, by value "11112"
2022-09-15 10:53:48,557:DEBUG:TestApplication:Finding elemnt by: id locator: ddlarea
2022-09-15 10:54:19,103:DEBUG:TestApplication:Element not found
2022-09-15 11:58:45,008:DEBUG:TestApplication:TestApplication logger initialized
2022-09-15 11:58:50,170:DEBUG:TestApplication:Page before loading: data:,
2022-09-15 12:01:02,319:DEBUG:TestApplication:TestApplication logger initialized
2022-09-15 12:01:06,611:DEBUG:TestApplication:Page before loading: data:,
2022-09-15 12:02:02,231:DEBUG:TestApplication:TestApplication logger initialized
2022-09-15 12:02:04,539:DEBUG:TestApplication:Page before loading: data:,
2022-09-15 12:02:06,870:DEBUG:TestApplication:Load URL: https://plleads.muthootfinance.com/indexApplication.html
2022-09-15 12:02:06,875:DEBUG:TestApplication:Page after loading: https://plleads.muthootfinance.com/indexApplication.html
2022-09-15 12:02:06,887:DEBUG:TestApplication:Page before loading: https://plleads.muthootfinance.com/indexApplication.html
2022-09-15 12:02:07,161:DEBUG:TestApplication:Load URL: https://plleads.muthootfinance.com/indexApplication.html
2022-09-15 12:02:07,164:DEBUG:TestApplication:Page after loading: https://plleads.muthootfinance.com/indexApplication.html
2022-09-15 12:02:07,164:DEBUG:TestApplication:Select element by:id, loc:ddlarea, by value "11112"
2022-09-15 12:02:07,164:DEBUG:TestApplication:Finding elemnt by: id locator: ddlarea
2022-09-15 12:02:30,703:DEBUG:TestApplication:Element not found
2022-09-16 10:03:34,333:DEBUG:TestApplication:TestApplication logger initialized
2022-09-16 10:04:06,902:DEBUG:TestApplication:Page before loading: data:,
2022-09-16 10:04:09,636:DEBUG:TestApplication:Load URL: https://plleads.muthootfinance.com/indexApplication.html
2022-09-16 10:04:09,641:DEBUG:TestApplication:Page after loading: https://plleads.muthootfinance.com/indexApplication.html
2022-09-16 10:04:09,651:DEBUG:TestApplication:Page before loading: https://plleads.muthootfinance.com/indexApplication.html
2022-09-16 10:04:09,951:DEBUG:TestApplication:Load URL: https://plleads.muthootfinance.com/indexApplication.html
2022-09-16 10:04:09,955:DEBUG:TestApplication:Page after loading: https://plleads.muthootfinance.com/indexApplication.html
2022-09-16 10:04:09,956:DEBUG:TestApplication:Select element by:id, loc:ddlarea, by value "11112"
2022-09-16 10:04:09,956:DEBUG:TestApplication:Finding elemnt by: id locator: ddlarea
2022-09-16 10:04:40,510:DEBUG:TestApplication:Element not found
2022-09-16 10:49:06,618:DEBUG:TestApplication:TestApplication logger initialized
2022-09-16 10:49:14,931:DEBUG:TestApplication:Page before loading: data:,
2022-09-16 10:49:17,764:DEBUG:TestApplication:Load URL: https://plleads.muthootfinance.com/indexApplication.html
2022-09-16 10:49:17,768:DEBUG:TestApplication:Page after loading: https://plleads.muthootfinance.com/indexApplication.html
2022-09-16 10:49:17,776:DEBUG:TestApplication:Page before loading: https://plleads.muthootfinance.com/indexApplication.html
2022-09-16 10:49:18,034:DEBUG:TestApplication:Load URL: https://plleads.muthootfinance.com/indexApplication.html
2022-09-16 10:49:18,037:DEBUG:TestApplication:Page after loading: https://plleads.muthootfinance.com/indexApplication.html
2022-09-16 10:49:18,037:DEBUG:TestApplication:Select element by:id, loc:ddlarea, by value "11112"
2022-09-16 10:49:18,038:DEBUG:TestApplication:Finding elemnt by: id locator: ddlarea
2022-09-16 10:49:48,515:DEBUG:TestApplication:Element not found
2022-09-16 10:49:55,556:DEBUG:TestApplication:TestApplication logger initialized
2022-09-16 10:50:05,555:DEBUG:TestApplication:Page before loading: about:blank
2022-09-16 10:50:08,043:DEBUG:TestApplication:Load URL: https://plleads.muthootfinance.com/indexApplication.html
2022-09-16 10:50:08,045:DEBUG:TestApplication:Page after loading: https://plleads.muthootfinance.com/indexApplication.html
2022-09-16 10:50:08,055:DEBUG:TestApplication:Page before loading: https://plleads.muthootfinance.com/indexApplication.html
2022-09-16 10:50:08,419:DEBUG:TestApplication:Load URL: https://plleads.muthootfinance.com/indexApplication.html
2022-09-16 10:50:08,422:DEBUG:TestApplication:Page after loading: https://plleads.muthootfinance.com/indexApplication.html
2022-09-16 10:50:08,422:DEBUG:TestApplication:Select element by:id, loc:ddlarea, by value "11112"
2022-09-16 10:50:08,422:DEBUG:TestApplication:Finding elemnt by: id locator: ddlarea
2022-09-16 10:50:38,947:DEBUG:TestApplication:Element not found
2022-09-16 10:53:52,994:DEBUG:TestApplication:TestApplication logger initialized
2022-09-16 10:53:59,185:DEBUG:TestApplication:Page before loading: about:blank
2022-09-16 10:54:01,613:DEBUG:TestApplication:Load URL: https://plleads.muthootfinance.com/indexApplication.html
2022-09-16 10:54:01,617:DEBUG:TestApplication:Page after loading: https://plleads.muthootfinance.com/indexApplication.html
2022-09-16 10:54:01,628:DEBUG:TestApplication:Page before loading: https://plleads.muthootfinance.com/indexApplication.html
2022-09-16 10:54:01,952:DEBUG:TestApplication:Load URL: https://plleads.muthootfinance.com/indexApplication.html
2022-09-16 10:54:01,954:DEBUG:TestApplication:Page after loading: https://plleads.muthootfinance.com/indexApplication.html
2022-09-16 10:54:01,954:DEBUG:TestApplication:Select element by:id, loc:ddlarea, by value "11112"
2022-09-16 10:54:01,954:DEBUG:TestApplication:Finding elemnt by: id locator: ddlarea
2022-09-16 10:54:32,470:DEBUG:TestApplication:Element not found
2022-09-16 12:05:08,005:DEBUG:TestApplication:TestApplication logger initialized
2022-09-16 12:05:13,132:DEBUG:TestApplication:Page before loading: about:blank
2022-09-16 12:05:19,437:DEBUG:TestApplication:Load URL: https://plleads.muthootfinance.com/indexApplication.html
2022-09-16 12:05:19,440:DEBUG:TestApplication:Page after loading: https://plleads.muthootfinance.com/indexApplication.html
2022-09-16 12:05:19,450:DEBUG:TestApplication:Page before loading: https://plleads.muthootfinance.com/indexApplication.html
2022-09-16 12:05:19,987:DEBUG:TestApplication:Load URL: https://plleads.muthootfinance.com/indexApplication.html
2022-09-16 12:05:19,989:DEBUG:TestApplication:Page after loading: https://plleads.muthootfinance.com/indexApplication.html
2022-09-16 12:05:19,990:DEBUG:TestApplication:Select element by:id, loc:ddlarea, by value "11112"
2022-09-16 12:05:19,990:DEBUG:TestApplication:Finding elemnt by: id locator: ddlarea
2022-09-16 12:05:50,507:DEBUG:TestApplication:Element not found
2022-09-16 12:06:30,753:DEBUG:TestApplication:TestApplication logger initialized
2022-09-16 12:06:34,149:DEBUG:TestApplication:Page before loading: data:,
2022-09-16 12:06:47,369:DEBUG:TestApplication:Load URL: https://plleads.muthootfinance.com/indexApplication.html
2022-09-16 12:06:47,372:DEBUG:TestApplication:Page after loading: https://plleads.muthootfinance.com/indexApplication.html
2022-09-16 12:06:47,381:DEBUG:TestApplication:Page before loading: https://plleads.muthootfinance.com/indexApplication.html
2022-09-16 12:06:47,666:DEBUG:TestApplication:Load URL: https://plleads.muthootfinance.com/indexApplication.html
2022-09-16 12:06:47,670:DEBUG:TestApplication:Page after loading: https://plleads.muthootfinance.com/indexApplication.html
2022-09-16 12:06:47,670:DEBUG:TestApplication:Select element by:id, loc:ddlarea, by value "11112"
2022-09-16 12:06:47,670:DEBUG:TestApplication:Finding elemnt by: id locator: ddlarea
2022-09-16 12:07:18,214:DEBUG:TestApplication:Element not found
2022-09-16 12:07:18,537:DEBUG:TestApplication:TestApplication logger initialized
2022-09-16 12:07:18,537:DEBUG:TestApplication:TestApplication logger initialized
2022-09-16 12:07:21,226:DEBUG:TestApplication:Page before loading: data:,
2022-09-16 12:07:21,226:DEBUG:TestApplication:Page before loading: data:,
2022-09-16 12:07:25,205:DEBUG:TestApplication:Load URL: https://plleads.muthootfinance.com/indexApplication.html
2022-09-16 12:07:25,205:DEBUG:TestApplication:Load URL: https://plleads.muthootfinance.com/indexApplication.html
